<?xml version="1.0" encoding="UTF-8"?>
<!-- Generated by org.testng.reporters.JUnitReportReporter -->
<testsuite hostname="DESKTOP-T29PL5B" failures="0" tests="1" name="testCases.LoginTestCase" time="16.199" errors="0" timestamp="2024-10-22T21:40:33 PDT" skipped="0">
  <testcase classname="testCases.LoginTestCase" name="verify_account_registration" time="16.199"/>
</testsuite> <!-- testCases.LoginTestCase -->
