<?xml version="1.0" encoding="UTF-8"?>
<!-- Generated by org.testng.reporters.JUnitReportReporter -->
<testsuite hostname="DESKTOP-T29PL5B" failures="0" tests="1" name="testCases.LoginTestCase" time="17.229" errors="0" timestamp="2024-11-05T02:57:19 PST" skipped="0">
  <testcase classname="testCases.LoginTestCase" name="verify_account_registration" time="17.229"/>
</testsuite> <!-- testCases.LoginTestCase -->
